<?xml version="1.0" encoding="UTF-8"?>
<!-- Generated by org.testng.reporters.JUnitReportReporter -->
<testsuite hostname="lenovo" failures="0" tests="1" name="com.test.TC_02" time="3.258" errors="0" timestamp="10 Sep 2022 16:23:19 GMT" skipped="0">
  <testcase classname="com.test.TC_02" name="tc_01" time="3.258"/>
</testsuite> <!-- com.test.TC_02 -->
